[1.048s] DEBUG:colcon:Command line arguments: ['/usr/bin/colcon', 'build']
[1.049s] DEBUG:colcon:Parsed command line arguments: Namespace(log_base=None, log_level=None, verb_name='build', build_base='build', install_base='install', merge_install=False, symlink_install=False, test_result_base=None, continue_on_error=False, executor='parallel', parallel_workers=8, event_handlers=None, ignore_user_meta=False, metas=['./colcon.meta'], base_paths=['.'], packages_ignore=None, packages_ignore_regex=None, paths=None, packages_up_to=None, packages_up_to_regex=None, packages_above=None, packages_above_and_dependencies=None, packages_above_depth=None, packages_select_by_dep=None, packages_skip_by_dep=None, packages_skip_up_to=None, packages_select_build_failed=False, packages_skip_build_finished=False, packages_select_test_failures=False, packages_skip_test_passed=False, packages_select=None, packages_skip=None, packages_select_regex=None, packages_skip_regex=None, packages_start=None, packages_end=None, allow_overriding=[], cmake_args=None, cmake_target=None, cmake_target_skip_unavailable=False, cmake_clean_cache=False, cmake_clean_first=False, cmake_force_configure=False, ament_cmake_args=None, catkin_cmake_args=None, catkin_skip_building_tests=False, verb_parser=<colcon_defaults.argument_parser.defaults.DefaultArgumentsDecorator object at 0x7f71e620aa10>, verb_extension=<colcon_core.verb.build.BuildVerb object at 0x7f71e620b7c0>, main=<bound method BuildVerb.main of <colcon_core.verb.build.BuildVerb object at 0x7f71e620b7c0>>)
[1.097s] Level 1:colcon.colcon_core.package_discovery:discover_packages(colcon_meta) check parameters
[1.097s] Level 1:colcon.colcon_core.package_discovery:discover_packages(recursive) check parameters
[1.097s] Level 1:colcon.colcon_core.package_discovery:discover_packages(ignore) check parameters
[1.097s] Level 1:colcon.colcon_core.package_discovery:discover_packages(path) check parameters
[1.097s] Level 1:colcon.colcon_core.package_discovery:discover_packages(colcon_meta) discover
[1.098s] Level 1:colcon.colcon_core.package_discovery:discover_packages(recursive) discover
[1.098s] INFO:colcon.colcon_core.package_discovery:Crawling recursively for packages in '/home/wassanyi/pcr_ros2_ws/ros2_ws'
[1.098s] Level 1:colcon.colcon_core.package_identification:_identify(.) by extensions ['ignore', 'ignore_ament_install']
[1.098s] Level 1:colcon.colcon_core.package_identification:_identify(.) by extension 'ignore'
[1.099s] Level 1:colcon.colcon_core.package_identification:_identify(.) by extension 'ignore_ament_install'
[1.099s] Level 1:colcon.colcon_core.package_identification:_identify(.) by extensions ['colcon_pkg']
[1.099s] Level 1:colcon.colcon_core.package_identification:_identify(.) by extension 'colcon_pkg'
[1.099s] Level 1:colcon.colcon_core.package_identification:_identify(.) by extensions ['colcon_meta']
[1.099s] Level 1:colcon.colcon_core.package_identification:_identify(.) by extension 'colcon_meta'
[1.100s] Level 1:colcon.colcon_core.package_identification:_identify(.) by extensions ['ros']
[1.100s] Level 1:colcon.colcon_core.package_identification:_identify(.) by extension 'ros'
[1.112s] Level 1:colcon.colcon_core.package_identification:_identify(.) by extensions ['cmake', 'python']
[1.112s] Level 1:colcon.colcon_core.package_identification:_identify(.) by extension 'cmake'
[1.112s] Level 1:colcon.colcon_core.package_identification:_identify(.) by extension 'python'
[1.112s] Level 1:colcon.colcon_core.package_identification:_identify(.) by extensions ['python_setup_py']
[1.112s] Level 1:colcon.colcon_core.package_identification:_identify(.) by extension 'python_setup_py'
[1.113s] Level 1:colcon.colcon_core.package_identification:_identify(build) by extensions ['ignore', 'ignore_ament_install']
[1.113s] Level 1:colcon.colcon_core.package_identification:_identify(build) by extension 'ignore'
[1.113s] Level 1:colcon.colcon_core.package_identification:_identify(build) ignored
[1.114s] Level 1:colcon.colcon_core.package_identification:_identify(install) by extensions ['ignore', 'ignore_ament_install']
[1.114s] Level 1:colcon.colcon_core.package_identification:_identify(install) by extension 'ignore'
[1.114s] Level 1:colcon.colcon_core.package_identification:_identify(install) ignored
[1.114s] Level 1:colcon.colcon_core.package_identification:_identify(log) by extensions ['ignore', 'ignore_ament_install']
[1.115s] Level 1:colcon.colcon_core.package_identification:_identify(log) by extension 'ignore'
[1.115s] Level 1:colcon.colcon_core.package_identification:_identify(log) ignored
[1.115s] Level 1:colcon.colcon_core.package_identification:_identify(src) by extensions ['ignore', 'ignore_ament_install']
[1.115s] Level 1:colcon.colcon_core.package_identification:_identify(src) by extension 'ignore'
[1.116s] Level 1:colcon.colcon_core.package_identification:_identify(src) by extension 'ignore_ament_install'
[1.116s] Level 1:colcon.colcon_core.package_identification:_identify(src) by extensions ['colcon_pkg']
[1.116s] Level 1:colcon.colcon_core.package_identification:_identify(src) by extension 'colcon_pkg'
[1.116s] Level 1:colcon.colcon_core.package_identification:_identify(src) by extensions ['colcon_meta']
[1.116s] Level 1:colcon.colcon_core.package_identification:_identify(src) by extension 'colcon_meta'
[1.117s] Level 1:colcon.colcon_core.package_identification:_identify(src) by extensions ['ros']
[1.117s] Level 1:colcon.colcon_core.package_identification:_identify(src) by extension 'ros'
[1.117s] Level 1:colcon.colcon_core.package_identification:_identify(src) by extensions ['cmake', 'python']
[1.117s] Level 1:colcon.colcon_core.package_identification:_identify(src) by extension 'cmake'
[1.118s] Level 1:colcon.colcon_core.package_identification:_identify(src) by extension 'python'
[1.118s] Level 1:colcon.colcon_core.package_identification:_identify(src) by extensions ['python_setup_py']
[1.118s] Level 1:colcon.colcon_core.package_identification:_identify(src) by extension 'python_setup_py'
[1.118s] Level 1:colcon.colcon_core.package_identification:_identify(src/pcr_package) by extensions ['ignore', 'ignore_ament_install']
[1.119s] Level 1:colcon.colcon_core.package_identification:_identify(src/pcr_package) by extension 'ignore'
[1.119s] Level 1:colcon.colcon_core.package_identification:_identify(src/pcr_package) by extension 'ignore_ament_install'
[1.119s] Level 1:colcon.colcon_core.package_identification:_identify(src/pcr_package) by extensions ['colcon_pkg']
[1.119s] Level 1:colcon.colcon_core.package_identification:_identify(src/pcr_package) by extension 'colcon_pkg'
[1.119s] Level 1:colcon.colcon_core.package_identification:_identify(src/pcr_package) by extensions ['colcon_meta']
[1.120s] Level 1:colcon.colcon_core.package_identification:_identify(src/pcr_package) by extension 'colcon_meta'
[1.120s] Level 1:colcon.colcon_core.package_identification:_identify(src/pcr_package) by extensions ['ros']
[1.120s] Level 1:colcon.colcon_core.package_identification:_identify(src/pcr_package) by extension 'ros'
[1.124s] DEBUG:colcon.colcon_core.package_identification:Package 'src/pcr_package' with type 'ros.ament_cmake' and name 'pcr_package'
[1.124s] Level 1:colcon.colcon_core.package_discovery:discover_packages(recursive) using defaults
[1.124s] Level 1:colcon.colcon_core.package_discovery:discover_packages(ignore) discover
[1.124s] Level 1:colcon.colcon_core.package_discovery:discover_packages(ignore) using defaults
[1.124s] Level 1:colcon.colcon_core.package_discovery:discover_packages(path) discover
[1.125s] Level 1:colcon.colcon_core.package_discovery:discover_packages(path) using defaults
[1.236s] Level 1:colcon.colcon_core.package_discovery:discover_packages(prefix_path) check parameters
[1.236s] Level 1:colcon.colcon_core.package_discovery:discover_packages(prefix_path) discover
[1.271s] DEBUG:colcon.colcon_installed_package_information.package_discovery:Found 296 installed packages in /opt/ros/iron
[1.272s] Level 1:colcon.colcon_core.package_discovery:discover_packages(prefix_path) using defaults
[1.372s] Level 5:colcon.colcon_core.verb:set package 'pcr_package' build argument 'cmake_args' from command line to 'None'
[1.372s] Level 5:colcon.colcon_core.verb:set package 'pcr_package' build argument 'cmake_target' from command line to 'None'
[1.372s] Level 5:colcon.colcon_core.verb:set package 'pcr_package' build argument 'cmake_target_skip_unavailable' from command line to 'False'
[1.372s] Level 5:colcon.colcon_core.verb:set package 'pcr_package' build argument 'cmake_clean_cache' from command line to 'False'
[1.373s] Level 5:colcon.colcon_core.verb:set package 'pcr_package' build argument 'cmake_clean_first' from command line to 'False'
[1.373s] Level 5:colcon.colcon_core.verb:set package 'pcr_package' build argument 'cmake_force_configure' from command line to 'False'
[1.373s] Level 5:colcon.colcon_core.verb:set package 'pcr_package' build argument 'ament_cmake_args' from command line to 'None'
[1.373s] Level 5:colcon.colcon_core.verb:set package 'pcr_package' build argument 'catkin_cmake_args' from command line to 'None'
[1.373s] Level 5:colcon.colcon_core.verb:set package 'pcr_package' build argument 'catkin_skip_building_tests' from command line to 'False'
[1.373s] DEBUG:colcon.colcon_core.verb:Building package 'pcr_package' with the following arguments: {'ament_cmake_args': None, 'build_base': '/home/wassanyi/pcr_ros2_ws/ros2_ws/build/pcr_package', 'catkin_cmake_args': None, 'catkin_skip_building_tests': False, 'cmake_args': None, 'cmake_clean_cache': False, 'cmake_clean_first': False, 'cmake_force_configure': False, 'cmake_target': None, 'cmake_target_skip_unavailable': False, 'install_base': '/home/wassanyi/pcr_ros2_ws/ros2_ws/install/pcr_package', 'merge_install': False, 'path': '/home/wassanyi/pcr_ros2_ws/ros2_ws/src/pcr_package', 'symlink_install': False, 'test_result_base': None}
[1.391s] INFO:colcon.colcon_core.executor:Executing jobs using 'parallel' executor
[1.408s] DEBUG:colcon.colcon_parallel_executor.executor.parallel:run_until_complete
[1.408s] INFO:colcon.colcon_ros.task.ament_cmake.build:Building ROS package in '/home/wassanyi/pcr_ros2_ws/ros2_ws/src/pcr_package' with build type 'ament_cmake'
[1.409s] INFO:colcon.colcon_cmake.task.cmake.build:Building CMake package in '/home/wassanyi/pcr_ros2_ws/ros2_ws/src/pcr_package'
[1.428s] INFO:colcon.colcon_core.plugin_system:Skipping extension 'colcon_core.shell.bat': Not used on non-Windows systems
[1.428s] INFO:colcon.colcon_core.shell:Skip shell extension 'powershell' for command environment: Not usable outside of PowerShell
[1.428s] DEBUG:colcon.colcon_core.shell:Skip shell extension 'dsv' for command environment
[1.477s] DEBUG:colcon.colcon_core.event_handler.log_command:Invoking command in '/home/wassanyi/pcr_ros2_ws/ros2_ws/build/pcr_package': CMAKE_PREFIX_PATH=/opt/ros/iron /usr/bin/cmake /home/wassanyi/pcr_ros2_ws/ros2_ws/src/pcr_package -DCMAKE_INSTALL_PREFIX=/home/wassanyi/pcr_ros2_ws/ros2_ws/install/pcr_package
[1.791s] DEBUG:colcon.colcon_core.event_handler.log_command:Invoked command in '/home/wassanyi/pcr_ros2_ws/ros2_ws/build/pcr_package' returned '0': CMAKE_PREFIX_PATH=/opt/ros/iron /usr/bin/cmake /home/wassanyi/pcr_ros2_ws/ros2_ws/src/pcr_package -DCMAKE_INSTALL_PREFIX=/home/wassanyi/pcr_ros2_ws/ros2_ws/install/pcr_package
[1.797s] DEBUG:colcon.colcon_core.event_handler.log_command:Invoking command in '/home/wassanyi/pcr_ros2_ws/ros2_ws/build/pcr_package': CMAKE_PREFIX_PATH=/opt/ros/iron /usr/bin/cmake --build /home/wassanyi/pcr_ros2_ws/ros2_ws/build/pcr_package -- -j8 -l8
[2.008s] DEBUG:colcon.colcon_core.event_handler.log_command:Invoked command in '/home/wassanyi/pcr_ros2_ws/ros2_ws/build/pcr_package' returned '0': CMAKE_PREFIX_PATH=/opt/ros/iron /usr/bin/cmake --build /home/wassanyi/pcr_ros2_ws/ros2_ws/build/pcr_package -- -j8 -l8
[2.051s] DEBUG:colcon.colcon_core.event_handler.log_command:Invoking command in '/home/wassanyi/pcr_ros2_ws/ros2_ws/build/pcr_package': CMAKE_PREFIX_PATH=/opt/ros/iron /usr/bin/cmake --install /home/wassanyi/pcr_ros2_ws/ros2_ws/build/pcr_package
[2.093s] Level 1:colcon.colcon_core.environment:create_environment_scripts_only(pcr_package)
[2.094s] DEBUG:colcon.colcon_core.event_handler.log_command:Invoked command in '/home/wassanyi/pcr_ros2_ws/ros2_ws/build/pcr_package' returned '0': CMAKE_PREFIX_PATH=/opt/ros/iron /usr/bin/cmake --install /home/wassanyi/pcr_ros2_ws/ros2_ws/build/pcr_package
[2.113s] Level 1:colcon.colcon_core.environment:checking '/home/wassanyi/pcr_ros2_ws/ros2_ws/install/pcr_package' for CMake module files
[2.114s] Level 1:colcon.colcon_core.environment:checking '/home/wassanyi/pcr_ros2_ws/ros2_ws/install/pcr_package' for CMake config files
[2.115s] Level 1:colcon.colcon_core.shell:create_environment_hook('pcr_package', 'cmake_prefix_path')
[2.130s] INFO:colcon.colcon_core.shell:Creating environment hook '/home/wassanyi/pcr_ros2_ws/ros2_ws/install/pcr_package/share/pcr_package/hook/cmake_prefix_path.ps1'
[2.131s] INFO:colcon.colcon_core.shell:Creating environment descriptor '/home/wassanyi/pcr_ros2_ws/ros2_ws/install/pcr_package/share/pcr_package/hook/cmake_prefix_path.dsv'
[2.132s] INFO:colcon.colcon_core.shell:Creating environment hook '/home/wassanyi/pcr_ros2_ws/ros2_ws/install/pcr_package/share/pcr_package/hook/cmake_prefix_path.sh'
[2.134s] Level 1:colcon.colcon_core.environment:checking '/home/wassanyi/pcr_ros2_ws/ros2_ws/install/pcr_package/lib'
[2.135s] Level 1:colcon.colcon_core.environment:checking '/home/wassanyi/pcr_ros2_ws/ros2_ws/install/pcr_package/bin'
[2.135s] Level 1:colcon.colcon_core.environment:checking '/home/wassanyi/pcr_ros2_ws/ros2_ws/install/pcr_package/lib/pkgconfig/pcr_package.pc'
[2.135s] Level 1:colcon.colcon_core.environment:checking '/home/wassanyi/pcr_ros2_ws/ros2_ws/install/pcr_package/lib/python3.10/site-packages'
[2.136s] Level 1:colcon.colcon_core.environment:checking '/home/wassanyi/pcr_ros2_ws/ros2_ws/install/pcr_package/bin'
[2.156s] INFO:colcon.colcon_core.shell:Creating package script '/home/wassanyi/pcr_ros2_ws/ros2_ws/install/pcr_package/share/pcr_package/package.ps1'
[2.157s] INFO:colcon.colcon_core.shell:Creating package descriptor '/home/wassanyi/pcr_ros2_ws/ros2_ws/install/pcr_package/share/pcr_package/package.dsv'
[2.159s] INFO:colcon.colcon_core.shell:Creating package script '/home/wassanyi/pcr_ros2_ws/ros2_ws/install/pcr_package/share/pcr_package/package.sh'
[2.161s] INFO:colcon.colcon_core.shell:Creating package script '/home/wassanyi/pcr_ros2_ws/ros2_ws/install/pcr_package/share/pcr_package/package.bash'
[2.162s] INFO:colcon.colcon_core.shell:Creating package script '/home/wassanyi/pcr_ros2_ws/ros2_ws/install/pcr_package/share/pcr_package/package.zsh'
[2.164s] Level 1:colcon.colcon_core.environment:create_file_with_runtime_dependencies(/home/wassanyi/pcr_ros2_ws/ros2_ws/install/pcr_package/share/colcon-core/packages/pcr_package)
[2.216s] Level 1:colcon.colcon_core.environment:create_environment_scripts_only(pcr_package)
[2.232s] Level 1:colcon.colcon_core.environment:checking '/home/wassanyi/pcr_ros2_ws/ros2_ws/install/pcr_package' for CMake module files
[2.232s] Level 1:colcon.colcon_core.environment:checking '/home/wassanyi/pcr_ros2_ws/ros2_ws/install/pcr_package' for CMake config files
[2.233s] Level 1:colcon.colcon_core.shell:create_environment_hook('pcr_package', 'cmake_prefix_path')
[2.251s] INFO:colcon.colcon_core.shell:Creating environment hook '/home/wassanyi/pcr_ros2_ws/ros2_ws/install/pcr_package/share/pcr_package/hook/cmake_prefix_path.ps1'
[2.252s] INFO:colcon.colcon_core.shell:Creating environment descriptor '/home/wassanyi/pcr_ros2_ws/ros2_ws/install/pcr_package/share/pcr_package/hook/cmake_prefix_path.dsv'
[2.253s] INFO:colcon.colcon_core.shell:Creating environment hook '/home/wassanyi/pcr_ros2_ws/ros2_ws/install/pcr_package/share/pcr_package/hook/cmake_prefix_path.sh'
[2.254s] Level 1:colcon.colcon_core.environment:checking '/home/wassanyi/pcr_ros2_ws/ros2_ws/install/pcr_package/lib'
[2.254s] Level 1:colcon.colcon_core.environment:checking '/home/wassanyi/pcr_ros2_ws/ros2_ws/install/pcr_package/bin'
[2.254s] Level 1:colcon.colcon_core.environment:checking '/home/wassanyi/pcr_ros2_ws/ros2_ws/install/pcr_package/lib/pkgconfig/pcr_package.pc'
[2.255s] Level 1:colcon.colcon_core.environment:checking '/home/wassanyi/pcr_ros2_ws/ros2_ws/install/pcr_package/lib/python3.10/site-packages'
[2.255s] Level 1:colcon.colcon_core.environment:checking '/home/wassanyi/pcr_ros2_ws/ros2_ws/install/pcr_package/bin'
[2.274s] INFO:colcon.colcon_core.shell:Creating package script '/home/wassanyi/pcr_ros2_ws/ros2_ws/install/pcr_package/share/pcr_package/package.ps1'
[2.274s] INFO:colcon.colcon_core.shell:Creating package descriptor '/home/wassanyi/pcr_ros2_ws/ros2_ws/install/pcr_package/share/pcr_package/package.dsv'
[2.275s] INFO:colcon.colcon_core.shell:Creating package script '/home/wassanyi/pcr_ros2_ws/ros2_ws/install/pcr_package/share/pcr_package/package.sh'
[2.276s] INFO:colcon.colcon_core.shell:Creating package script '/home/wassanyi/pcr_ros2_ws/ros2_ws/install/pcr_package/share/pcr_package/package.bash'
[2.277s] INFO:colcon.colcon_core.shell:Creating package script '/home/wassanyi/pcr_ros2_ws/ros2_ws/install/pcr_package/share/pcr_package/package.zsh'
[2.278s] Level 1:colcon.colcon_core.environment:create_file_with_runtime_dependencies(/home/wassanyi/pcr_ros2_ws/ros2_ws/install/pcr_package/share/colcon-core/packages/pcr_package)
[2.278s] DEBUG:colcon.colcon_parallel_executor.executor.parallel:closing loop
[2.279s] DEBUG:colcon.colcon_parallel_executor.executor.parallel:loop closed
[2.279s] DEBUG:colcon.colcon_parallel_executor.executor.parallel:run_until_complete finished with '0'
[2.280s] DEBUG:colcon.colcon_core.event_reactor:joining thread
[2.315s] INFO:colcon.colcon_core.plugin_system:Skipping extension 'colcon_notification.desktop_notification.terminal_notifier': Not used on non-Darwin systems
[2.315s] INFO:colcon.colcon_core.plugin_system:Skipping extension 'colcon_notification.desktop_notification.win32': Not used on non-Windows systems
[2.315s] INFO:colcon.colcon_notification.desktop_notification:Sending desktop notification using 'notify2'
[2.327s] DEBUG:colcon.colcon_core.event_reactor:joined thread
[2.351s] INFO:colcon.colcon_core.shell:Creating prefix script '/home/wassanyi/pcr_ros2_ws/ros2_ws/install/local_setup.ps1'
[2.352s] INFO:colcon.colcon_core.shell:Creating prefix util module '/home/wassanyi/pcr_ros2_ws/ros2_ws/install/_local_setup_util_ps1.py'
[2.355s] INFO:colcon.colcon_core.shell:Creating prefix chain script '/home/wassanyi/pcr_ros2_ws/ros2_ws/install/setup.ps1'
[2.384s] INFO:colcon.colcon_core.shell:Creating prefix script '/home/wassanyi/pcr_ros2_ws/ros2_ws/install/local_setup.sh'
[2.385s] INFO:colcon.colcon_core.shell:Creating prefix util module '/home/wassanyi/pcr_ros2_ws/ros2_ws/install/_local_setup_util_sh.py'
[2.386s] INFO:colcon.colcon_core.shell:Creating prefix chain script '/home/wassanyi/pcr_ros2_ws/ros2_ws/install/setup.sh'
[2.415s] INFO:colcon.colcon_core.shell:Creating prefix script '/home/wassanyi/pcr_ros2_ws/ros2_ws/install/local_setup.bash'
[2.416s] INFO:colcon.colcon_core.shell:Creating prefix chain script '/home/wassanyi/pcr_ros2_ws/ros2_ws/install/setup.bash'
[2.441s] INFO:colcon.colcon_core.shell:Creating prefix script '/home/wassanyi/pcr_ros2_ws/ros2_ws/install/local_setup.zsh'
[2.442s] INFO:colcon.colcon_core.shell:Creating prefix chain script '/home/wassanyi/pcr_ros2_ws/ros2_ws/install/setup.zsh'
