-- The C compiler identification is GNU 11.4.0
-- The CXX compiler identification is GNU 11.4.0
-- Detecting C compiler ABI info
-- Detecting C compiler ABI info - done
-- Check for working C compiler: /usr/bin/cc - skipped
-- Detecting C compile features
-- Detecting C compile features - done
-- Detecting CXX compiler ABI info
-- Detecting CXX compiler ABI info - done
-- Check for working CXX compiler: /usr/bin/c++ - skipped
-- Detecting CXX compile features
-- Detecting CXX compile features - done
-- Found ament_cmake: 2.0.4 (/opt/ros/iron/share/ament_cmake/cmake)
-- Found Python3: /usr/bin/python3.10 (found version "3.10.12") found components: Interpreter 
-- Override CMake install command with custom implementation using symlinks instead of copying resources
-- Found ament_lint_auto: 0.14.3 (/opt/ros/iron/share/ament_lint_auto/cmake)
-- Added test 'lint_cmake' to check CMake code style
-- Added test 'xmllint' to check XML markup files
-- Configuring done
-- Generating done
-- Build files have been written to: /home/wassanyi/pcr_ros2_ws/ros2_ws/build/pcr_package
-- Install configuration: ""
-- Execute custom install script
-- Symlinking: /home/wassanyi/pcr_ros2_ws/ros2_ws/install/pcr_package/share/ament_index/resource_index/package_run_dependencies/pcr_package
-- Symlinking: /home/wassanyi/pcr_ros2_ws/ros2_ws/install/pcr_package/share/ament_index/resource_index/parent_prefix_path/pcr_package
-- Symlinking: /home/wassanyi/pcr_ros2_ws/ros2_ws/install/pcr_package/share/pcr_package/environment/ament_prefix_path.sh
-- Symlinking: /home/wassanyi/pcr_ros2_ws/ros2_ws/install/pcr_package/share/pcr_package/environment/ament_prefix_path.dsv
-- Symlinking: /home/wassanyi/pcr_ros2_ws/ros2_ws/install/pcr_package/share/pcr_package/environment/path.sh
-- Symlinking: /home/wassanyi/pcr_ros2_ws/ros2_ws/install/pcr_package/share/pcr_package/environment/path.dsv
-- Symlinking: /home/wassanyi/pcr_ros2_ws/ros2_ws/install/pcr_package/share/pcr_package/local_setup.bash
-- Symlinking: /home/wassanyi/pcr_ros2_ws/ros2_ws/install/pcr_package/share/pcr_package/local_setup.sh
-- Symlinking: /home/wassanyi/pcr_ros2_ws/ros2_ws/install/pcr_package/share/pcr_package/local_setup.zsh
-- Symlinking: /home/wassanyi/pcr_ros2_ws/ros2_ws/install/pcr_package/share/pcr_package/local_setup.dsv
-- Symlinking: /home/wassanyi/pcr_ros2_ws/ros2_ws/install/pcr_package/share/pcr_package/package.dsv
-- Symlinking: /home/wassanyi/pcr_ros2_ws/ros2_ws/install/pcr_package/share/ament_index/resource_index/packages/pcr_package
-- Symlinking: /home/wassanyi/pcr_ros2_ws/ros2_ws/install/pcr_package/share/pcr_package/cmake/pcr_packageConfig.cmake
-- Symlinking: /home/wassanyi/pcr_ros2_ws/ros2_ws/install/pcr_package/share/pcr_package/cmake/pcr_packageConfig-version.cmake
-- Symlinking: /home/wassanyi/pcr_ros2_ws/ros2_ws/install/pcr_package/share/pcr_package/package.xml
