[0.061s] Invoking command in '/home/wassanyi/pcr_ros2_ws/ros2_ws/build/pcr_package': CMAKE_PREFIX_PATH=/opt/ros/iron /usr/bin/cmake /home/wassanyi/pcr_ros2_ws/ros2_ws/src/pcr_package -DAMENT_CMAKE_SYMLINK_INSTALL=1 -DCMAKE_INSTALL_PREFIX=/home/wassanyi/pcr_ros2_ws/ros2_ws/install/pcr_package
[0.115s] -- The C compiler identification is GNU 11.4.0
[0.175s] -- The CXX compiler identification is GNU 11.4.0
[0.182s] -- Detecting C compiler ABI info
[0.253s] -- Detecting C compiler ABI info - done
[0.261s] -- Check for working C compiler: /usr/bin/cc - skipped
[0.262s] -- Detecting C compile features
[0.262s] -- Detecting C compile features - done
[0.266s] -- Detecting CXX compiler ABI info
[0.349s] -- Detecting CXX compiler ABI info - done
[0.357s] -- Check for working CXX compiler: /usr/bin/c++ - skipped
[0.358s] -- Detecting CXX compile features
[0.358s] -- Detecting CXX compile features - done
[0.360s] -- Found ament_cmake: 2.0.4 (/opt/ros/iron/share/ament_cmake/cmake)
[0.529s] -- Found Python3: /usr/bin/python3.10 (found version "3.10.12") found components: Interpreter 
[0.591s] -- Override CMake install command with custom implementation using symlinks instead of copying resources
[0.621s] -- Found ament_lint_auto: 0.14.3 (/opt/ros/iron/share/ament_lint_auto/cmake)
[0.698s] -- Added test 'lint_cmake' to check CMake code style
[0.699s] -- Added test 'xmllint' to check XML markup files
[0.700s] -- Configuring done
[0.705s] -- Generating done
[0.706s] -- Build files have been written to: /home/wassanyi/pcr_ros2_ws/ros2_ws/build/pcr_package
[0.711s] Invoked command in '/home/wassanyi/pcr_ros2_ws/ros2_ws/build/pcr_package' returned '0': CMAKE_PREFIX_PATH=/opt/ros/iron /usr/bin/cmake /home/wassanyi/pcr_ros2_ws/ros2_ws/src/pcr_package -DAMENT_CMAKE_SYMLINK_INSTALL=1 -DCMAKE_INSTALL_PREFIX=/home/wassanyi/pcr_ros2_ws/ros2_ws/install/pcr_package
[0.713s] Invoking command in '/home/wassanyi/pcr_ros2_ws/ros2_ws/build/pcr_package': CMAKE_PREFIX_PATH=/opt/ros/iron /usr/bin/cmake --build /home/wassanyi/pcr_ros2_ws/ros2_ws/build/pcr_package -- -j8 -l8
[0.754s] Invoked command in '/home/wassanyi/pcr_ros2_ws/ros2_ws/build/pcr_package' returned '0': CMAKE_PREFIX_PATH=/opt/ros/iron /usr/bin/cmake --build /home/wassanyi/pcr_ros2_ws/ros2_ws/build/pcr_package -- -j8 -l8
[0.788s] Invoking command in '/home/wassanyi/pcr_ros2_ws/ros2_ws/build/pcr_package': CMAKE_PREFIX_PATH=/opt/ros/iron /usr/bin/cmake --install /home/wassanyi/pcr_ros2_ws/ros2_ws/build/pcr_package
[0.796s] -- Install configuration: ""
[0.796s] -- Execute custom install script
[0.797s] -- Symlinking: /home/wassanyi/pcr_ros2_ws/ros2_ws/install/pcr_package/share/ament_index/resource_index/package_run_dependencies/pcr_package
[0.806s] -- Symlinking: /home/wassanyi/pcr_ros2_ws/ros2_ws/install/pcr_package/share/ament_index/resource_index/parent_prefix_path/pcr_package
[0.815s] -- Symlinking: /home/wassanyi/pcr_ros2_ws/ros2_ws/install/pcr_package/share/pcr_package/environment/ament_prefix_path.sh
[0.824s] -- Symlinking: /home/wassanyi/pcr_ros2_ws/ros2_ws/install/pcr_package/share/pcr_package/environment/ament_prefix_path.dsv
[0.834s] -- Symlinking: /home/wassanyi/pcr_ros2_ws/ros2_ws/install/pcr_package/share/pcr_package/environment/path.sh
[0.844s] -- Symlinking: /home/wassanyi/pcr_ros2_ws/ros2_ws/install/pcr_package/share/pcr_package/environment/path.dsv
[0.854s] -- Symlinking: /home/wassanyi/pcr_ros2_ws/ros2_ws/install/pcr_package/share/pcr_package/local_setup.bash
[0.863s] -- Symlinking: /home/wassanyi/pcr_ros2_ws/ros2_ws/install/pcr_package/share/pcr_package/local_setup.sh
[0.873s] -- Symlinking: /home/wassanyi/pcr_ros2_ws/ros2_ws/install/pcr_package/share/pcr_package/local_setup.zsh
[0.882s] -- Symlinking: /home/wassanyi/pcr_ros2_ws/ros2_ws/install/pcr_package/share/pcr_package/local_setup.dsv
[0.890s] -- Symlinking: /home/wassanyi/pcr_ros2_ws/ros2_ws/install/pcr_package/share/pcr_package/package.dsv
[0.900s] -- Symlinking: /home/wassanyi/pcr_ros2_ws/ros2_ws/install/pcr_package/share/ament_index/resource_index/packages/pcr_package
[0.909s] -- Symlinking: /home/wassanyi/pcr_ros2_ws/ros2_ws/install/pcr_package/share/pcr_package/cmake/pcr_packageConfig.cmake
[0.918s] -- Symlinking: /home/wassanyi/pcr_ros2_ws/ros2_ws/install/pcr_package/share/pcr_package/cmake/pcr_packageConfig-version.cmake
[0.928s] -- Symlinking: /home/wassanyi/pcr_ros2_ws/ros2_ws/install/pcr_package/share/pcr_package/package.xml
[0.939s] Invoked command in '/home/wassanyi/pcr_ros2_ws/ros2_ws/build/pcr_package' returned '0': CMAKE_PREFIX_PATH=/opt/ros/iron /usr/bin/cmake --install /home/wassanyi/pcr_ros2_ws/ros2_ws/build/pcr_package
