-- Found ament_cmake: 2.0.4 (/opt/ros/iron/share/ament_cmake/cmake)
-- Override CMake install command with custom implementation using symlinks instead of copying resources
-- Found ament_lint_auto: 0.14.3 (/opt/ros/iron/share/ament_lint_auto/cmake)
-- Added test 'cppcheck' to perform static code analysis on C / C++ code
-- Configured cppcheck include dirs: $<BUILD_INTERFACE:/home/wassanyi/pcr_ros2_ws/ros2_ws/src/pcr_package/include>
-- Configured cppcheck exclude dirs and/or files: 
-- Added test 'lint_cmake' to check CMake code style
-- Added test 'uncrustify' to check C / C++ code style
-- Configured uncrustify additional arguments: 
-- Added test 'xmllint' to check XML markup files
-- Configuring done
-- Generating done
-- Build files have been written to: /home/wassanyi/pcr_ros2_ws/ros2_ws/build/pcr_package
[ 50%] [32mBuilding CXX object CMakeFiles/pcr_node.dir/src/pcr_node.cpp.o[0m
[100%] [32m[1mLinking CXX executable pcr_node[0m
[100%] Built target pcr_node
-- Install configuration: ""
-- Execute custom install script
-- Symlinking: /home/wassanyi/pcr_ros2_ws/ros2_ws/install/pcr_package/lib/pcr_package/pcr_node
-- Up-to-date symlink: /home/wassanyi/pcr_ros2_ws/ros2_ws/install/pcr_package/share/ament_index/resource_index/package_run_dependencies/pcr_package
-- Up-to-date symlink: /home/wassanyi/pcr_ros2_ws/ros2_ws/install/pcr_package/share/ament_index/resource_index/parent_prefix_path/pcr_package
-- Up-to-date symlink: /home/wassanyi/pcr_ros2_ws/ros2_ws/install/pcr_package/share/pcr_package/environment/ament_prefix_path.sh
-- Up-to-date symlink: /home/wassanyi/pcr_ros2_ws/ros2_ws/install/pcr_package/share/pcr_package/environment/ament_prefix_path.dsv
-- Up-to-date symlink: /home/wassanyi/pcr_ros2_ws/ros2_ws/install/pcr_package/share/pcr_package/environment/path.sh
-- Up-to-date symlink: /home/wassanyi/pcr_ros2_ws/ros2_ws/install/pcr_package/share/pcr_package/environment/path.dsv
-- Up-to-date symlink: /home/wassanyi/pcr_ros2_ws/ros2_ws/install/pcr_package/share/pcr_package/local_setup.bash
-- Up-to-date symlink: /home/wassanyi/pcr_ros2_ws/ros2_ws/install/pcr_package/share/pcr_package/local_setup.sh
-- Up-to-date symlink: /home/wassanyi/pcr_ros2_ws/ros2_ws/install/pcr_package/share/pcr_package/local_setup.zsh
-- Up-to-date symlink: /home/wassanyi/pcr_ros2_ws/ros2_ws/install/pcr_package/share/pcr_package/local_setup.dsv
-- Symlinking: /home/wassanyi/pcr_ros2_ws/ros2_ws/install/pcr_package/share/pcr_package/package.dsv
-- Up-to-date symlink: /home/wassanyi/pcr_ros2_ws/ros2_ws/install/pcr_package/share/ament_index/resource_index/packages/pcr_package
-- Up-to-date symlink: /home/wassanyi/pcr_ros2_ws/ros2_ws/install/pcr_package/share/pcr_package/cmake/pcr_packageConfig.cmake
-- Up-to-date symlink: /home/wassanyi/pcr_ros2_ws/ros2_ws/install/pcr_package/share/pcr_package/cmake/pcr_packageConfig-version.cmake
-- Up-to-date symlink: /home/wassanyi/pcr_ros2_ws/ros2_ws/install/pcr_package/share/pcr_package/package.xml
